Running -O3 level optimization with input
No mem
Problem size value = 100000
 Sum is: 4999950000 
 Elapsed time is : 0.000119131 
Structured mem
Problem size value = 100000
 Sum is: 4999950000 
 Elapsed time is : 0.000152361 
unstructured mem
Problem size value = 100000
 Sum is: 5080795714 
 Elapsed time is : 0.000664444 
No mem
srun: Job 46633537 step creation temporarily disabled, retrying (Requested nodes are busy)
srun: Step created for job 46633537
Problem size value = 500000
 Sum is: 124999750000 
 Elapsed time is : 0.000643975 
Structured mem
srun: Job 46633537 step creation temporarily disabled, retrying (Requested nodes are busy)
srun: Step created for job 46633537
Problem size value = 500000
 Sum is: 124999750000 
 Elapsed time is : 0.000800046 
unstructured mem
Problem size value = 500000
 Sum is: 121227643874 
 Elapsed time is : 0.0103313 
No mem
Problem size value = 1000000
 Sum is: 499999500000 
 Elapsed time is : 0.00131291 
Structured mem
Problem size value = 1000000
 Sum is: 499999500000 
 Elapsed time is : 0.00152028 
unstructured mem
Problem size value = 1000000
 Sum is: 509795631663 
 Elapsed time is : 0.0301186 
No mem
Problem size value = 5000000
 Sum is: 12499997500000 
 Elapsed time is : 0.00582131 
Structured mem
Problem size value = 5000000
 Sum is: 12499997500000 
 Elapsed time is : 0.00736023 
unstructured mem
Problem size value = 5000000
 Sum is: 12294559510616 
 Elapsed time is : 0.166582 
No mem
Problem size value = 10000000
 Sum is: 49999995000000 
 Elapsed time is : 0.0115667 
Structured mem
Problem size value = 10000000
 Sum is: 49999995000000 
 Elapsed time is : 0.0148352 
unstructured mem
Problem size value = 10000000
 Sum is: 49222033660284 
 Elapsed time is : 0.510985 
No mem
Problem size value = 50000000
 Sum is: 1249999975000000 
 Elapsed time is : 0.0572648 
Structured mem
Problem size value = 50000000
 Sum is: 1249999975000000 
 Elapsed time is : 0.0751556 
unstructured mem
Problem size value = 50000000
 Sum is: 1269787973894614 
 Elapsed time is : 3.19625 
No mem
Problem size value = 100000000
 Sum is: 4999999950000000 
 Elapsed time is : 0.11421 
Structured mem
Problem size value = 100000000
 Sum is: 4999999950000000 
 Elapsed time is : 0.15125 
unstructured mem
Problem size value = 100000000
 Sum is: 4960024939838715 
 Elapsed time is : 10.8971 
