Running -O3 level optimization with input
No mem
Problem size value = 100000
 Sum is: 4999950000 
 Elapsed time is : 0.000808488 
Structured mem
Problem size value = 100000
 Sum is: 4999950000 
 Elapsed time is : 0.00207524 
unstructured mem
Problem size value = 100000
 Sum is: 5265397418 
 Elapsed time is : 0.00213805 
No mem
Problem size value = 500000
 Sum is: 124999750000 
 Elapsed time is : 0.00425667 
Structured mem
Problem size value = 500000
 Sum is: 124999750000 
 Elapsed time is : 0.0104429 
unstructured mem
Problem size value = 500000
 Sum is: 124753781657 
 Elapsed time is : 0.0188824 
No mem
Problem size value = 1000000
 Sum is: 499999500000 
 Elapsed time is : 0.00848109 
Structured mem
Problem size value = 1000000
 Sum is: 499999500000 
 Elapsed time is : 0.0209288 
unstructured mem
Problem size value = 1000000
 Sum is: 506314433917 
 Elapsed time is : 0.0422514 
No mem
Problem size value = 5000000
 Sum is: 12499997500000 
 Elapsed time is : 0.0406246 
Structured mem
Problem size value = 5000000
 Sum is: 12499997500000 
 Elapsed time is : 0.104668 
unstructured mem
Problem size value = 5000000
 Sum is: 12324771749212 
 Elapsed time is : 0.296741 
No mem
Problem size value = 10000000
 Sum is: 49999995000000 
 Elapsed time is : 0.0810655 
Structured mem
Problem size value = 10000000
 Sum is: 49999995000000 
 Elapsed time is : 0.209633 
unstructured mem
Problem size value = 10000000
 Sum is: 49663983662164 
 Elapsed time is : 0.601907 
No mem
Problem size value = 50000000
 Sum is: 1249999975000000 
 Elapsed time is : 0.408238 
Structured mem
Problem size value = 50000000
 Sum is: 1249999975000000 
 Elapsed time is : 1.04599 
unstructured mem
Problem size value = 50000000
 Sum is: 1241434326596505 
 Elapsed time is : 5.70228 
No mem
Problem size value = 100000000
 Sum is: 4999999950000000 
 Elapsed time is : 0.815156 
Structured mem
Problem size value = 100000000
 Sum is: 4999999950000000 
 Elapsed time is : 2.09228 
unstructured mem
Problem size value = 100000000
 Sum is: 5044933434571425 
 Elapsed time is : 11.2661 
